2017-01-29 17:53:15,575 [INFO] from play.api.Play in ForkJoinPool-1-worker-1 - Application started (Dev)
2017-01-29 17:53:16,089 [INFO] from application in application-akka.actor.default-dispatcher-4 - requested
2017-01-29 17:53:16,092 [INFO] from application in application-akka.actor.default-dispatcher-4 - maybe parsed
2017-01-29 17:53:43,031 [INFO] from application in application-akka.actor.default-dispatcher-7 - requested
2017-01-29 17:53:43,032 [INFO] from application in application-akka.actor.default-dispatcher-7 - maybe parsed
2017-01-29 17:53:48,470 [INFO] from application in application-akka.actor.default-dispatcher-3 - requested
2017-01-29 17:53:48,470 [INFO] from application in application-akka.actor.default-dispatcher-3 - maybe parsed
2017-01-29 17:53:52,535 [INFO] from application in application-akka.actor.default-dispatcher-7 - requested
2017-01-29 17:53:52,535 [INFO] from application in application-akka.actor.default-dispatcher-7 - maybe parsed
2017-01-29 17:53:52,536 [INFO] from application in application-akka.actor.default-dispatcher-7 - OK
2017-01-29 18:26:29,871 [INFO] from play.api.Play in application-akka.actor.default-dispatcher-2 - Application started (Dev)
2017-01-29 18:27:03,651 [ERROR] from application in application-akka.actor.default-dispatcher-5 - 

! @72pbgpfln - Internal server error, for (PUT) [/bank/deposit] ->
 
play.api.http.HttpErrorHandlerExceptions$$anon$1: Execution exception[[JsonParseException: Unexpected character ('"' (code 34)): was expecting comma to separate OBJECT entries
 at [Source: {
"txid": 1
"message": "deposit accepted"
"change" :  {
  "coins": List(1)
}
}; line: 3, column: 2]]]
	at play.api.http.HttpErrorHandlerExceptions$.throwableToUsefulException(HttpErrorHandler.scala:293)
	at play.api.http.DefaultHttpErrorHandler.onServerError(HttpErrorHandler.scala:220)
	at play.api.GlobalSettings$class.onError(GlobalSettings.scala:160)
	at play.api.DefaultGlobal$.onError(GlobalSettings.scala:188)
	at play.api.http.GlobalSettingsHttpErrorHandler.onServerError(HttpErrorHandler.scala:100)
	at play.core.server.netty.PlayRequestHandler$$anonfun$2$$anonfun$apply$1.applyOrElse(PlayRequestHandler.scala:100)
	at play.core.server.netty.PlayRequestHandler$$anonfun$2$$anonfun$apply$1.applyOrElse(PlayRequestHandler.scala:99)
	at scala.concurrent.Future$$anonfun$recoverWith$1.apply(Future.scala:346)
	at scala.concurrent.Future$$anonfun$recoverWith$1.apply(Future.scala:345)
	at scala.concurrent.impl.CallbackRunnable.run(Promise.scala:32)
	at play.api.libs.iteratee.Execution$trampoline$.execute(Execution.scala:70)
	at scala.concurrent.impl.CallbackRunnable.executeWithValue(Promise.scala:40)
	at scala.concurrent.impl.Promise$DefaultPromise.tryComplete(Promise.scala:248)
	at scala.concurrent.Promise$class.complete(Promise.scala:55)
	at scala.concurrent.impl.Promise$DefaultPromise.complete(Promise.scala:153)
	at scala.concurrent.Promise$class.failure(Promise.scala:104)
	at scala.concurrent.impl.Promise$DefaultPromise.failure(Promise.scala:153)
	at scala.concurrent.Future$$anonfun$flatMap$1.apply(Future.scala:257)
	at scala.concurrent.Future$$anonfun$flatMap$1.apply(Future.scala:251)
	at scala.concurrent.impl.CallbackRunnable.run(Promise.scala:32)
	at akka.dispatch.BatchingExecutor$AbstractBatch.processBatch(BatchingExecutor.scala:55)
	at akka.dispatch.BatchingExecutor$BlockableBatch$$anonfun$run$1.apply$mcV$sp(BatchingExecutor.scala:91)
	at akka.dispatch.BatchingExecutor$BlockableBatch$$anonfun$run$1.apply(BatchingExecutor.scala:91)
	at akka.dispatch.BatchingExecutor$BlockableBatch$$anonfun$run$1.apply(BatchingExecutor.scala:91)
	at scala.concurrent.BlockContext$.withBlockContext(BlockContext.scala:72)
	at akka.dispatch.BatchingExecutor$BlockableBatch.run(BatchingExecutor.scala:90)
	at akka.dispatch.TaskInvocation.run(AbstractDispatcher.scala:39)
	at akka.dispatch.ForkJoinExecutorConfigurator$AkkaForkJoinTask.exec(AbstractDispatcher.scala:415)
	at scala.concurrent.forkjoin.ForkJoinTask.doExec(ForkJoinTask.java:260)
	at scala.concurrent.forkjoin.ForkJoinPool$WorkQueue.runTask(ForkJoinPool.java:1339)
	at scala.concurrent.forkjoin.ForkJoinPool.runWorker(ForkJoinPool.java:1979)
	at scala.concurrent.forkjoin.ForkJoinWorkerThread.run(ForkJoinWorkerThread.java:107)
Caused by: com.fasterxml.jackson.core.JsonParseException: Unexpected character ('"' (code 34)): was expecting comma to separate OBJECT entries
 at [Source: {
"txid": 1
"message": "deposit accepted"
"change" :  {
  "coins": List(1)
}
}; line: 3, column: 2]
	at com.fasterxml.jackson.core.JsonParser._constructError(JsonParser.java:1586)
	at com.fasterxml.jackson.core.base.ParserMinimalBase._reportError(ParserMinimalBase.java:521)
	at com.fasterxml.jackson.core.base.ParserMinimalBase._reportUnexpectedChar(ParserMinimalBase.java:450)
	at com.fasterxml.jackson.core.json.ReaderBasedJsonParser._skipComma(ReaderBasedJsonParser.java:2203)
	at com.fasterxml.jackson.core.json.ReaderBasedJsonParser.nextToken(ReaderBasedJsonParser.java:632)
	at play.api.libs.json.jackson.JsValueDeserializer.deserialize(JacksonJson.scala:171)
	at play.api.libs.json.jackson.JsValueDeserializer.deserialize(JacksonJson.scala:120)
	at play.api.libs.json.jackson.JsValueDeserializer.deserialize(JacksonJson.scala:115)
	at com.fasterxml.jackson.databind.ObjectMapper._readValue(ObjectMapper.java:3779)
	at com.fasterxml.jackson.databind.ObjectMapper.readValue(ObjectMapper.java:2050)
	at play.api.libs.json.jackson.JacksonJson$.parseJsValue(JacksonJson.scala:238)
	at play.api.libs.json.Json$.parse(Json.scala:21)
	at controllers.BankService$$anonfun$deposit$1.apply(bank.scala:84)
	at controllers.BankService$$anonfun$deposit$1.apply(bank.scala:62)
	at play.api.mvc.ActionBuilder$$anonfun$apply$13.apply(Action.scala:371)
	at play.api.mvc.ActionBuilder$$anonfun$apply$13.apply(Action.scala:370)
	at play.api.mvc.Action$.invokeBlock(Action.scala:498)
	at play.api.mvc.Action$.invokeBlock(Action.scala:495)
	at play.api.mvc.ActionBuilder$$anon$2.apply(Action.scala:458)
	at play.api.mvc.Action$$anonfun$apply$2$$anonfun$apply$5$$anonfun$apply$6.apply(Action.scala:112)
	at play.api.mvc.Action$$anonfun$apply$2$$anonfun$apply$5$$anonfun$apply$6.apply(Action.scala:112)
	at play.utils.Threads$.withContextClassLoader(Threads.scala:21)
	at play.api.mvc.Action$$anonfun$apply$2$$anonfun$apply$5.apply(Action.scala:111)
	at play.api.mvc.Action$$anonfun$apply$2$$anonfun$apply$5.apply(Action.scala:110)
	at scala.Option.map(Option.scala:146)
	at play.api.mvc.Action$$anonfun$apply$2.apply(Action.scala:110)
	at play.api.mvc.Action$$anonfun$apply$2.apply(Action.scala:103)
	at scala.concurrent.Future$$anonfun$flatMap$1.apply(Future.scala:253)
	... 14 common frames omitted
2017-01-29 18:28:24,427 [INFO] from play.api.Play in application-akka.actor.default-dispatcher-2 - Application started (Dev)
2017-01-29 18:28:24,473 [ERROR] from application in application-akka.actor.default-dispatcher-3 - 

! @72pbh45ah - Internal server error, for (PUT) [/bank/deposit] ->
 
play.api.http.HttpErrorHandlerExceptions$$anon$1: Execution exception[[JsonParseException: Unexpected character ('"' (code 34)): was expecting comma to separate OBJECT entries
 at [Source: {
"txid": 1
"message": "deposit accepted"
"change" :  {
  "coins": [1]
}
}; line: 3, column: 2]]]
	at play.api.http.HttpErrorHandlerExceptions$.throwableToUsefulException(HttpErrorHandler.scala:293)
	at play.api.http.DefaultHttpErrorHandler.onServerError(HttpErrorHandler.scala:220)
	at play.api.GlobalSettings$class.onError(GlobalSettings.scala:160)
	at play.api.DefaultGlobal$.onError(GlobalSettings.scala:188)
	at play.api.http.GlobalSettingsHttpErrorHandler.onServerError(HttpErrorHandler.scala:100)
	at play.core.server.netty.PlayRequestHandler$$anonfun$2$$anonfun$apply$1.applyOrElse(PlayRequestHandler.scala:100)
	at play.core.server.netty.PlayRequestHandler$$anonfun$2$$anonfun$apply$1.applyOrElse(PlayRequestHandler.scala:99)
	at scala.concurrent.Future$$anonfun$recoverWith$1.apply(Future.scala:346)
	at scala.concurrent.Future$$anonfun$recoverWith$1.apply(Future.scala:345)
	at scala.concurrent.impl.CallbackRunnable.run(Promise.scala:32)
	at play.api.libs.iteratee.Execution$trampoline$.execute(Execution.scala:70)
	at scala.concurrent.impl.CallbackRunnable.executeWithValue(Promise.scala:40)
	at scala.concurrent.impl.Promise$DefaultPromise.tryComplete(Promise.scala:248)
	at scala.concurrent.Promise$class.complete(Promise.scala:55)
	at scala.concurrent.impl.Promise$DefaultPromise.complete(Promise.scala:153)
	at scala.concurrent.Promise$class.failure(Promise.scala:104)
	at scala.concurrent.impl.Promise$DefaultPromise.failure(Promise.scala:153)
	at scala.concurrent.Future$$anonfun$flatMap$1.apply(Future.scala:257)
	at scala.concurrent.Future$$anonfun$flatMap$1.apply(Future.scala:251)
	at scala.concurrent.impl.CallbackRunnable.run(Promise.scala:32)
	at akka.dispatch.BatchingExecutor$AbstractBatch.processBatch(BatchingExecutor.scala:55)
	at akka.dispatch.BatchingExecutor$BlockableBatch$$anonfun$run$1.apply$mcV$sp(BatchingExecutor.scala:91)
	at akka.dispatch.BatchingExecutor$BlockableBatch$$anonfun$run$1.apply(BatchingExecutor.scala:91)
	at akka.dispatch.BatchingExecutor$BlockableBatch$$anonfun$run$1.apply(BatchingExecutor.scala:91)
	at scala.concurrent.BlockContext$.withBlockContext(BlockContext.scala:72)
	at akka.dispatch.BatchingExecutor$BlockableBatch.run(BatchingExecutor.scala:90)
	at akka.dispatch.TaskInvocation.run(AbstractDispatcher.scala:39)
	at akka.dispatch.ForkJoinExecutorConfigurator$AkkaForkJoinTask.exec(AbstractDispatcher.scala:415)
	at scala.concurrent.forkjoin.ForkJoinTask.doExec(ForkJoinTask.java:260)
	at scala.concurrent.forkjoin.ForkJoinPool$WorkQueue.runTask(ForkJoinPool.java:1339)
	at scala.concurrent.forkjoin.ForkJoinPool.runWorker(ForkJoinPool.java:1979)
	at scala.concurrent.forkjoin.ForkJoinWorkerThread.run(ForkJoinWorkerThread.java:107)
Caused by: com.fasterxml.jackson.core.JsonParseException: Unexpected character ('"' (code 34)): was expecting comma to separate OBJECT entries
 at [Source: {
"txid": 1
"message": "deposit accepted"
"change" :  {
  "coins": [1]
}
}; line: 3, column: 2]
	at com.fasterxml.jackson.core.JsonParser._constructError(JsonParser.java:1586)
	at com.fasterxml.jackson.core.base.ParserMinimalBase._reportError(ParserMinimalBase.java:521)
	at com.fasterxml.jackson.core.base.ParserMinimalBase._reportUnexpectedChar(ParserMinimalBase.java:450)
	at com.fasterxml.jackson.core.json.ReaderBasedJsonParser._skipComma(ReaderBasedJsonParser.java:2203)
	at com.fasterxml.jackson.core.json.ReaderBasedJsonParser.nextToken(ReaderBasedJsonParser.java:632)
	at play.api.libs.json.jackson.JsValueDeserializer.deserialize(JacksonJson.scala:171)
	at play.api.libs.json.jackson.JsValueDeserializer.deserialize(JacksonJson.scala:120)
	at play.api.libs.json.jackson.JsValueDeserializer.deserialize(JacksonJson.scala:115)
	at com.fasterxml.jackson.databind.ObjectMapper._readValue(ObjectMapper.java:3779)
	at com.fasterxml.jackson.databind.ObjectMapper.readValue(ObjectMapper.java:2050)
	at play.api.libs.json.jackson.JacksonJson$.parseJsValue(JacksonJson.scala:238)
	at play.api.libs.json.Json$.parse(Json.scala:21)
	at controllers.BankService$$anonfun$deposit$1.apply(bank.scala:84)
	at controllers.BankService$$anonfun$deposit$1.apply(bank.scala:62)
	at play.api.mvc.ActionBuilder$$anonfun$apply$13.apply(Action.scala:371)
	at play.api.mvc.ActionBuilder$$anonfun$apply$13.apply(Action.scala:370)
	at play.api.mvc.Action$.invokeBlock(Action.scala:498)
	at play.api.mvc.Action$.invokeBlock(Action.scala:495)
	at play.api.mvc.ActionBuilder$$anon$2.apply(Action.scala:458)
	at play.api.mvc.Action$$anonfun$apply$2$$anonfun$apply$5$$anonfun$apply$6.apply(Action.scala:112)
	at play.api.mvc.Action$$anonfun$apply$2$$anonfun$apply$5$$anonfun$apply$6.apply(Action.scala:112)
	at play.utils.Threads$.withContextClassLoader(Threads.scala:21)
	at play.api.mvc.Action$$anonfun$apply$2$$anonfun$apply$5.apply(Action.scala:111)
	at play.api.mvc.Action$$anonfun$apply$2$$anonfun$apply$5.apply(Action.scala:110)
	at scala.Option.map(Option.scala:146)
	at play.api.mvc.Action$$anonfun$apply$2.apply(Action.scala:110)
	at play.api.mvc.Action$$anonfun$apply$2.apply(Action.scala:103)
	at scala.concurrent.Future$$anonfun$flatMap$1.apply(Future.scala:253)
	... 14 common frames omitted
2017-01-29 18:29:06,396 [INFO] from play.api.Play in application-akka.actor.default-dispatcher-2 - Application started (Dev)
2017-01-29 18:30:09,373 [INFO] from play.api.Play in application-akka.actor.default-dispatcher-2 - Application started (Dev)
2017-01-29 18:30:23,672 [INFO] from play.api.Play in application-akka.actor.default-dispatcher-2 - Application started (Dev)
2017-01-29 18:43:52,251 [INFO] from play.api.Play in application-akka.actor.default-dispatcher-3 - Application started (Dev)
2017-01-29 19:11:55,641 [INFO] from play.api.Play in application-akka.actor.default-dispatcher-3 - Application started (Dev)
